actionPerformed() got called for a menu item.
Rectangle calculated
4 52 292 244
java.awt.Rectangle[x=4,y=52,width=292,height=244]
x= 14 y= 62
x= 34 y= 62
x= 34 y= 72
x= 14 y= 72
x= 14 y= 62
Matrix contents
===============
m10 = 1.5
m11 = 0.0
m12 = 0.0
m20 = 0.0
m21 = 1.5
m22 = 0.0
m30 = -7.0
m31 = -31.0
m32 = 1.0
x= 14 y= 62
x= 44 y= 62
x= 44 y= 77
x= 14 y= 77
x= 14 y= 62
x= 14 y= 62
x= 44 y= 62
x= 44 y= 77
x= 14 y= 77
x= 14 y= 62
Matrix contents
===============
m10 = 1.5
m11 = 0.0
m12 = 0.0
m20 = 0.0
m21 = 1.5
m22 = 0.0
m30 = -7.0
m31 = -31.0
m32 = 1.0
x= 14 y= 62
x= 59 y= 62
x= 59 y= 84
x= 14 y= 84
x= 14 y= 62
x= 14 y= 62
x= 59 y= 62
x= 59 y= 84
x= 14 y= 84
x= 14 y= 62
Matrix contents
===============
m10 = 1.5
m11 = 0.0
m12 = 0.0
m20 = 0.0
m21 = 1.5
m22 = 0.0
m30 = -7.0
m31 = -31.0
m32 = 1.0
x= 14 y= 62
x= 81 y= 62
x= 81 y= 95
x= 14 y= 95
x= 14 y= 62
x= 14 y= 62
x= 81 y= 62
x= 81 y= 95
x= 14 y= 95
x= 14 y= 62
Matrix contents
===============
m10 = 1.5
m11 = 0.0
m12 = 0.0
m20 = 0.0
m21 = 1.5
m22 = 0.0
m30 = -7.0
m31 = -31.0
m32 = 1.0
x= 14 y= 62
x= 114 y= 62
x= 114 y= 111
x= 14 y= 111
x= 14 y= 62
x= 14 y= 62
x= 114 y= 62
x= 114 y= 111
x= 14 y= 111
x= 14 y= 62
Matrix contents
===============
m10 = 1.5
m11 = 0.0
m12 = 0.0
m20 = 0.0
m21 = 1.5
m22 = 0.0
m30 = -7.0
m31 = -31.0
m32 = 1.0
x= 14 y= 62
x= 164 y= 62
x= 164 y= 135
x= 14 y= 135
x= 14 y= 62
x= 14 y= 62
x= 164 y= 62
x= 164 y= 135
x= 14 y= 135
x= 14 y= 62
Matrix contents
===============
m10 = 1.5
m11 = 0.0
m12 = 0.0
m20 = 0.0
m21 = 1.5
m22 = 0.0
m30 = -7.0
m31 = -31.0
m32 = 1.0
x= 14 y= 62
x= 239 y= 62
x= 239 y= 171
x= 14 y= 171
x= 14 y= 62
x= 14 y= 62
x= 239 y= 62
x= 239 y= 171
x= 14 y= 171
x= 14 y= 62
Matrix contents
===============
m10 = 1.5
m11 = 0.0
m12 = 0.0
m20 = 0.0
m21 = 1.5
m22 = 0.0
m30 = -7.0
m31 = -31.0
m32 = 1.0
x= 14 y= 62
x= 351 y= 62
x= 351 y= 225
x= 14 y= 225
x= 14 y= 62
x= 14 y= 62
x= 351 y= 62
x= 351 y= 225
x= 14 y= 225
x= 14 y= 62
Matrix contents
===============
m10 = 1.5
m11 = 0.0
m12 = 0.0
m20 = 0.0
m21 = 1.5
m22 = 0.0
m30 = -7.0
m31 = -31.0
m32 = 1.0
x= 14 y= 62
x= 519 y= 62
x= 519 y= 306
x= 14 y= 306
x= 14 y= 62
x= 14 y= 62
x= 519 y= 62
x= 519 y= 306
x= 14 y= 306
x= 14 y= 62
Matrix contents
===============
m10 = 1.5
m11 = 0.0
m12 = 0.0
m20 = 0.0
m21 = 1.5
m22 = 0.0
m30 = -7.0
m31 = -31.0
m32 = 1.0
x= 14 y= 62
x= 771 y= 62
x= 771 y= 428
x= 14 y= 428
x= 14 y= 62
Rectangle calculated
4 52 570 485
java.awt.Rectangle[x=4,y=52,width=570,height=485]
x= 14 y= 62
x= 34 y= 62
x= 34 y= 72
x= 14 y= 72
x= 14 y= 62
Matrix contents
===============
m10 = 1.5
m11 = 0.0
m12 = 0.0
m20 = 0.0
m21 = 1.5
m22 = 0.0
m30 = -7.0
m31 = -31.0
m32 = 1.0
x= 14 y= 62
x= 44 y= 62
x= 44 y= 77
x= 14 y= 77
x= 14 y= 62
x= 14 y= 62
x= 44 y= 62
x= 44 y= 77
x= 14 y= 77
x= 14 y= 62
Matrix contents
===============
m10 = 1.5
m11 = 0.0
m12 = 0.0
m20 = 0.0
m21 = 1.5
m22 = 0.0
m30 = -7.0
m31 = -31.0
m32 = 1.0
x= 14 y= 62
x= 59 y= 62
x= 59 y= 84
x= 14 y= 84
x= 14 y= 62
x= 14 y= 62
x= 59 y= 62
x= 59 y= 84
x= 14 y= 84
x= 14 y= 62
Matrix contents
===============
m10 = 1.5
m11 = 0.0
m12 = 0.0
m20 = 0.0
m21 = 1.5
m22 = 0.0
m30 = -7.0
m31 = -31.0
m32 = 1.0
x= 14 y= 62
x= 81 y= 62
x= 81 y= 95
x= 14 y= 95
x= 14 y= 62
x= 14 y= 62
x= 81 y= 62
x= 81 y= 95
x= 14 y= 95
x= 14 y= 62
Matrix contents
===============
m10 = 1.5
m11 = 0.0
m12 = 0.0
m20 = 0.0
m21 = 1.5
m22 = 0.0
m30 = -7.0
m31 = -31.0
m32 = 1.0
x= 14 y= 62
x= 114 y= 62
x= 114 y= 111
x= 14 y= 111
x= 14 y= 62
x= 14 y= 62
x= 114 y= 62
x= 114 y= 111
x= 14 y= 111
x= 14 y= 62
Matrix contents
===============
m10 = 1.5
m11 = 0.0
m12 = 0.0
m20 = 0.0
m21 = 1.5
m22 = 0.0
m30 = -7.0
m31 = -31.0
m32 = 1.0
x= 14 y= 62
x= 164 y= 62
x= 164 y= 135
x= 14 y= 135
x= 14 y= 62
x= 14 y= 62
x= 164 y= 62
x= 164 y= 135
x= 14 y= 135
x= 14 y= 62
Matrix contents
===============
m10 = 1.5
m11 = 0.0
m12 = 0.0
m20 = 0.0
m21 = 1.5
m22 = 0.0
m30 = -7.0
m31 = -31.0
m32 = 1.0
x= 14 y= 62
x= 239 y= 62
x= 239 y= 171
x= 14 y= 171
x= 14 y= 62
x= 14 y= 62
x= 239 y= 62
x= 239 y= 171
x= 14 y= 171
x= 14 y= 62
Matrix contents
===============
m10 = 1.5
m11 = 0.0
m12 = 0.0
m20 = 0.0
m21 = 1.5
m22 = 0.0
m30 = -7.0
m31 = -31.0
m32 = 1.0
x= 14 y= 62
x= 351 y= 62
x= 351 y= 225
x= 14 y= 225
x= 14 y= 62
x= 14 y= 62
x= 351 y= 62
x= 351 y= 225
x= 14 y= 225
x= 14 y= 62
Matrix contents
===============
m10 = 1.5
m11 = 0.0
m12 = 0.0
m20 = 0.0
m21 = 1.5
m22 = 0.0
m30 = -7.0
m31 = -31.0
m32 = 1.0
x= 14 y= 62
x= 519 y= 62
x= 519 y= 306
x= 14 y= 306
x= 14 y= 62
x= 14 y= 62
x= 519 y= 62
x= 519 y= 306
x= 14 y= 306
x= 14 y= 62
Matrix contents
===============
m10 = 1.5
m11 = 0.0
m12 = 0.0
m20 = 0.0
m21 = 1.5
m22 = 0.0
m30 = -7.0
m31 = -31.0
m32 = 1.0
x= 14 y= 62
x= 771 y= 62
x= 771 y= 428
x= 14 y= 428
x= 14 y= 62
Rectangle calculated
4 52 570 485
java.awt.Rectangle[x=4,y=52,width=570,height=485]
x= 14 y= 62
x= 34 y= 62
x= 34 y= 72
x= 14 y= 72
x= 14 y= 62
Matrix contents
===============
m10 = 1.5
m11 = 0.0
m12 = 0.0
m20 = 0.0
m21 = 1.5
m22 = 0.0
m30 = -7.0
m31 = -31.0
m32 = 1.0
x= 14 y= 62
x= 44 y= 62
x= 44 y= 77
x= 14 y= 77
x= 14 y= 62
x= 14 y= 62
x= 44 y= 62
x= 44 y= 77
x= 14 y= 77
x= 14 y= 62
Matrix contents
===============
m10 = 1.5
m11 = 0.0
m12 = 0.0
m20 = 0.0
m21 = 1.5
m22 = 0.0
m30 = -7.0
m31 = -31.0
m32 = 1.0
x= 14 y= 62
x= 59 y= 62
x= 59 y= 84
x= 14 y= 84
x= 14 y= 62
x= 14 y= 62
x= 59 y= 62
x= 59 y= 84
x= 14 y= 84
x= 14 y= 62
Matrix contents
===============
m10 = 1.5
m11 = 0.0
m12 = 0.0
m20 = 0.0
m21 = 1.5
m22 = 0.0
m30 = -7.0
m31 = -31.0
m32 = 1.0
x= 14 y= 62
x= 81 y= 62
x= 81 y= 95
x= 14 y= 95
x= 14 y= 62
x= 14 y= 62
x= 81 y= 62
x= 81 y= 95
x= 14 y= 95
x= 14 y= 62
Matrix contents
===============
m10 = 1.5
m11 = 0.0
m12 = 0.0
m20 = 0.0
m21 = 1.5
m22 = 0.0
m30 = -7.0
m31 = -31.0
m32 = 1.0
x= 14 y= 62
x= 114 y= 62
x= 114 y= 111
x= 14 y= 111
x= 14 y= 62
x= 14 y= 62
x= 114 y= 62
x= 114 y= 111
x= 14 y= 111
x= 14 y= 62
Matrix contents
===============
m10 = 1.5
m11 = 0.0
m12 = 0.0
m20 = 0.0
m21 = 1.5
m22 = 0.0
m30 = -7.0
m31 = -31.0
m32 = 1.0
x= 14 y= 62
x= 164 y= 62
x= 164 y= 135
x= 14 y= 135
x= 14 y= 62
x= 14 y= 62
x= 164 y= 62
x= 164 y= 135
x= 14 y= 135
x= 14 y= 62
Matrix contents
===============
m10 = 1.5
m11 = 0.0
m12 = 0.0
m20 = 0.0
m21 = 1.5
m22 = 0.0
m30 = -7.0
m31 = -31.0
m32 = 1.0
x= 14 y= 62
x= 239 y= 62
x= 239 y= 171
x= 14 y= 171
x= 14 y= 62
x= 14 y= 62
x= 239 y= 62
x= 239 y= 171
x= 14 y= 171
x= 14 y= 62
Matrix contents
===============
m10 = 1.5
m11 = 0.0
m12 = 0.0
m20 = 0.0
m21 = 1.5
m22 = 0.0
m30 = -7.0
m31 = -31.0
m32 = 1.0
x= 14 y= 62
x= 351 y= 62
x= 351 y= 225
x= 14 y= 225
x= 14 y= 62
x= 14 y= 62
x= 351 y= 62
x= 351 y= 225
x= 14 y= 225
x= 14 y= 62
Matrix contents
===============
m10 = 1.5
m11 = 0.0
m12 = 0.0
m20 = 0.0
m21 = 1.5
m22 = 0.0
m30 = -7.0
m31 = -31.0
m32 = 1.0
x= 14 y= 62
x= 519 y= 62
x= 519 y= 306
x= 14 y= 306
x= 14 y= 62
x= 14 y= 62
x= 519 y= 62
x= 519 y= 306
x= 14 y= 306
x= 14 y= 62
Matrix contents
===============
m10 = 1.5
m11 = 0.0
m12 = 0.0
m20 = 0.0
m21 = 1.5
m22 = 0.0
m30 = -7.0
m31 = -31.0
m32 = 1.0
x= 14 y= 62
x= 771 y= 62
x= 771 y= 428
x= 14 y= 428
x= 14 y= 62
Rectangle calculated
4 52 842 564
java.awt.Rectangle[x=4,y=52,width=842,height=564]
x= 14 y= 62
x= 34 y= 62
x= 34 y= 72
x= 14 y= 72
x= 14 y= 62
Matrix contents
===============
m10 = 1.5
m11 = 0.0
m12 = 0.0
m20 = 0.0
m21 = 1.5
m22 = 0.0
m30 = -7.0
m31 = -31.0
m32 = 1.0
x= 14 y= 62
x= 44 y= 62
x= 44 y= 77
x= 14 y= 77
x= 14 y= 62
x= 14 y= 62
x= 44 y= 62
x= 44 y= 77
x= 14 y= 77
x= 14 y= 62
Matrix contents
===============
m10 = 1.5
m11 = 0.0
m12 = 0.0
m20 = 0.0
m21 = 1.5
m22 = 0.0
m30 = -7.0
m31 = -31.0
m32 = 1.0
x= 14 y= 62
x= 59 y= 62
x= 59 y= 84
x= 14 y= 84
x= 14 y= 62
x= 14 y= 62
x= 59 y= 62
x= 59 y= 84
x= 14 y= 84
x= 14 y= 62
Matrix contents
===============
m10 = 1.5
m11 = 0.0
m12 = 0.0
m20 = 0.0
m21 = 1.5
m22 = 0.0
m30 = -7.0
m31 = -31.0
m32 = 1.0
x= 14 y= 62
x= 81 y= 62
x= 81 y= 95
x= 14 y= 95
x= 14 y= 62
x= 14 y= 62
x= 81 y= 62
x= 81 y= 95
x= 14 y= 95
x= 14 y= 62
Matrix contents
===============
m10 = 1.5
m11 = 0.0
m12 = 0.0
m20 = 0.0
m21 = 1.5
m22 = 0.0
m30 = -7.0
m31 = -31.0
m32 = 1.0
x= 14 y= 62
x= 114 y= 62
x= 114 y= 111
x= 14 y= 111
x= 14 y= 62
x= 14 y= 62
x= 114 y= 62
x= 114 y= 111
x= 14 y= 111
x= 14 y= 62
Matrix contents
===============
m10 = 1.5
m11 = 0.0
m12 = 0.0
m20 = 0.0
m21 = 1.5
m22 = 0.0
m30 = -7.0
m31 = -31.0
m32 = 1.0
x= 14 y= 62
x= 164 y= 62
x= 164 y= 135
x= 14 y= 135
x= 14 y= 62
x= 14 y= 62
x= 164 y= 62
x= 164 y= 135
x= 14 y= 135
x= 14 y= 62
Matrix contents
===============
m10 = 1.5
m11 = 0.0
m12 = 0.0
m20 = 0.0
m21 = 1.5
m22 = 0.0
m30 = -7.0
m31 = -31.0
m32 = 1.0
x= 14 y= 62
x= 239 y= 62
x= 239 y= 171
x= 14 y= 171
x= 14 y= 62
x= 14 y= 62
x= 239 y= 62
x= 239 y= 171
x= 14 y= 171
x= 14 y= 62
Matrix contents
===============
m10 = 1.5
m11 = 0.0
m12 = 0.0
m20 = 0.0
m21 = 1.5
m22 = 0.0
m30 = -7.0
m31 = -31.0
m32 = 1.0
x= 14 y= 62
x= 351 y= 62
x= 351 y= 225
x= 14 y= 225
x= 14 y= 62
x= 14 y= 62
x= 351 y= 62
x= 351 y= 225
x= 14 y= 225
x= 14 y= 62
Matrix contents
===============
m10 = 1.5
m11 = 0.0
m12 = 0.0
m20 = 0.0
m21 = 1.5
m22 = 0.0
m30 = -7.0
m31 = -31.0
m32 = 1.0
x= 14 y= 62
x= 519 y= 62
x= 519 y= 306
x= 14 y= 306
x= 14 y= 62
x= 14 y= 62
x= 519 y= 62
x= 519 y= 306
x= 14 y= 306
x= 14 y= 62
Matrix contents
===============
m10 = 1.5
m11 = 0.0
m12 = 0.0
m20 = 0.0
m21 = 1.5
m22 = 0.0
m30 = -7.0
m31 = -31.0
m32 = 1.0
x= 14 y= 62
x= 771 y= 62
x= 771 y= 428
x= 14 y= 428
x= 14 y= 62
Rectangle calculated
4 52 842 564
java.awt.Rectangle[x=4,y=52,width=842,height=564]
x= 14 y= 62
x= 34 y= 62
x= 34 y= 72
x= 14 y= 72
x= 14 y= 62
Matrix contents
===============
m10 = 1.5
m11 = 0.0
m12 = 0.0
m20 = 0.0
m21 = 1.5
m22 = 0.0
m30 = -7.0
m31 = -31.0
m32 = 1.0
x= 14 y= 62
x= 44 y= 62
x= 44 y= 77
x= 14 y= 77
x= 14 y= 62
x= 14 y= 62
x= 44 y= 62
x= 44 y= 77
x= 14 y= 77
x= 14 y= 62
Matrix contents
===============
m10 = 1.5
m11 = 0.0
m12 = 0.0
m20 = 0.0
m21 = 1.5
m22 = 0.0
m30 = -7.0
m31 = -31.0
m32 = 1.0
x= 14 y= 62
x= 59 y= 62
x= 59 y= 84
x= 14 y= 84
x= 14 y= 62
x= 14 y= 62
x= 59 y= 62
x= 59 y= 84
x= 14 y= 84
x= 14 y= 62
Matrix contents
===============
m10 = 1.5
m11 = 0.0
m12 = 0.0
m20 = 0.0
m21 = 1.5
m22 = 0.0
m30 = -7.0
m31 = -31.0
m32 = 1.0
x= 14 y= 62
x= 81 y= 62
x= 81 y= 95
x= 14 y= 95
x= 14 y= 62
x= 14 y= 62
x= 81 y= 62
x= 81 y= 95
x= 14 y= 95
x= 14 y= 62
Matrix contents
===============
m10 = 1.5
m11 = 0.0
m12 = 0.0
m20 = 0.0
m21 = 1.5
m22 = 0.0
m30 = -7.0
m31 = -31.0
m32 = 1.0
x= 14 y= 62
x= 114 y= 62
x= 114 y= 111
x= 14 y= 111
x= 14 y= 62
x= 14 y= 62
x= 114 y= 62
x= 114 y= 111
x= 14 y= 111
x= 14 y= 62
Matrix contents
===============
m10 = 1.5
m11 = 0.0
m12 = 0.0
m20 = 0.0
m21 = 1.5
m22 = 0.0
m30 = -7.0
m31 = -31.0
m32 = 1.0
x= 14 y= 62
x= 164 y= 62
x= 164 y= 135
x= 14 y= 135
x= 14 y= 62
x= 14 y= 62
x= 164 y= 62
x= 164 y= 135
x= 14 y= 135
x= 14 y= 62
Matrix contents
===============
m10 = 1.5
m11 = 0.0
m12 = 0.0
m20 = 0.0
m21 = 1.5
m22 = 0.0
m30 = -7.0
m31 = -31.0
m32 = 1.0
x= 14 y= 62
x= 239 y= 62
x= 239 y= 171
x= 14 y= 171
x= 14 y= 62
x= 14 y= 62
x= 239 y= 62
x= 239 y= 171
x= 14 y= 171
x= 14 y= 62
Matrix contents
===============
m10 = 1.5
m11 = 0.0
m12 = 0.0
m20 = 0.0
m21 = 1.5
m22 = 0.0
m30 = -7.0
m31 = -31.0
m32 = 1.0
x= 14 y= 62
x= 351 y= 62
x= 351 y= 225
x= 14 y= 225
x= 14 y= 62
x= 14 y= 62
x= 351 y= 62
x= 351 y= 225
x= 14 y= 225
x= 14 y= 62
Matrix contents
===============
m10 = 1.5
m11 = 0.0
m12 = 0.0
m20 = 0.0
m21 = 1.5
m22 = 0.0
m30 = -7.0
m31 = -31.0
m32 = 1.0
x= 14 y= 62
x= 519 y= 62
x= 519 y= 306
x= 14 y= 306
x= 14 y= 62
x= 14 y= 62
x= 519 y= 62
x= 519 y= 306
x= 14 y= 306
x= 14 y= 62
Matrix contents
===============
m10 = 1.5
m11 = 0.0
m12 = 0.0
m20 = 0.0
m21 = 1.5
m22 = 0.0
m30 = -7.0
m31 = -31.0
m32 = 1.0
x= 14 y= 62
x= 771 y= 62
x= 771 y= 428
x= 14 y= 428
x= 14 y= 62
Window about to close...
